<?xml version="1.0" encoding="UTF-8"?>
<!-- Generated by org.testng.reporters.JUnitXMLReporter -->
<testsuite hostname="SURIYA" name="Default test" tests="9" failures="0" timestamp="10 Nov 2022 12:26:17 GMT" time="12.466" errors="0">
  <testcase name="login" time="4.207" classname="com.test.Sample"/>
  <testcase name="getStateList" time="0.459" classname="com.test.Sample"/>
  <testcase name="getCityList" time="0.876" classname="com.test.Sample"/>
  <testcase name="addUserAddress" time="0.534" classname="com.test.Sample"/>
  <testcase name="UpdateUserAddress" time="0.533" classname="com.test.Sample"/>
  <testcase name="getuserAddress" time="0.518" classname="com.test.Sample"/>
  <testcase name="DeleteUserAddress" time="0.478" classname="com.test.Sample"/>
  <testcase name="searchproduct" time="0.501" classname="com.test.Sample"/>
  <testcase name="Changeprofilepic" time="4.294" classname="com.test.Sample"/>
</testsuite> <!-- Default test -->
